<?xml version="1.0" encoding="UTF-8"?>
<!-- Generated by org.testng.reporters.JUnitXMLReporter -->
<testsuite ignored="2" hostname="DESKTOP-M7577V9" failures="0" tests="1" name="login" time="0.009" errors="0" timestamp="2022-09-06T14:42:34 WEST">
  <testcase classname="test.Day3" name="DataClients" time="0.003"/>
  <testcase classname="test.Day3" name="DataAfiliates" time="0.0">
    <ignored/>
  </testcase> <!-- DataAfiliates -->
  <testcase classname="test.Day3" name="DataWorkers" time="0.0">
    <ignored/>
  </testcase> <!-- DataWorkers -->
</testsuite> <!-- login -->
