<?xml version="1.0" encoding="UTF-8"?>
<testng-results ignored="0" total="1" passed="1" failed="0" skipped="0">
  <reporter-output>
  </reporter-output>
  <suite started-at="2022-10-11T16:51:59 WEST" name="Default suite" finished-at="2022-10-11T16:52:00 WEST" duration-ms="594">
    <groups>
      <group name="cucumber">
        <method signature="AbstractTestNGCucumberTests.runScenario(io.cucumber.testng.PickleWrapper,io.cucumber.testng.FeatureWrapper)[pri:0, instance:cucumberOptions.TestRunner@41c89d2f]" name="runScenario" class="io.cucumber.testng.AbstractTestNGCucumberTests"/>
      </group> <!-- cucumber -->
    </groups>
    <test started-at="2022-10-11T16:51:59 WEST" name="Default test" finished-at="2022-10-11T16:52:00 WEST" duration-ms="594">
      <class name="cucumberOptions.TestRunner">
        <test-method is-config="true" signature="setUpClass(org.testng.ITestContext)[pri:0, instance:cucumberOptions.TestRunner@41c89d2f]" started-at="2022-10-11T16:51:59 WEST" name="setUpClass" finished-at="2022-10-11T16:52:00 WEST" duration-ms="339" status="PASS">
          <params>
            <param index="0">
              <value>
                <![CDATA[org.testng.TestRunner@d2e6b0b]]>
              </value>
            </param>
          </params>
          <reporter-output>
          </reporter-output>
        </test-method> <!-- setUpClass -->
        <test-method signature="runScenario(io.cucumber.testng.PickleWrapper,io.cucumber.testng.FeatureWrapper)[pri:0, instance:cucumberOptions.TestRunner@41c89d2f]" started-at="2022-10-11T16:52:00 WEST" name="runScenario" description="Runs Cucumber Scenarios" data-provider="scenarios" finished-at="2022-10-11T16:52:00 WEST" duration-ms="180" status="PASS">
          <params>
            <param index="0">
              <value>
                <![CDATA["Test same name search in different pages"]]>
              </value>
            </param>
            <param index="1">
              <value>
                <![CDATA["Search and place order for products"]]>
              </value>
            </param>
          </params>
          <reporter-output>
          </reporter-output>
        </test-method> <!-- runScenario -->
        <test-method is-config="true" signature="tearDownClass()[pri:0, instance:cucumberOptions.TestRunner@41c89d2f]" started-at="2022-10-11T16:52:00 WEST" name="tearDownClass" finished-at="2022-10-11T16:52:00 WEST" duration-ms="12" status="PASS">
          <reporter-output>
          </reporter-output>
        </test-method> <!-- tearDownClass -->
      </class> <!-- cucumberOptions.TestRunner -->
    </test> <!-- Default test -->
  </suite> <!-- Default suite -->
</testng-results>
