<?xml version="1.0" encoding="UTF-8"?>
<testng-results ignored="0" total="1" passed="1" failed="0" skipped="0">
  <reporter-output>
  </reporter-output>
  <suite started-at="2022-09-14T14:26:46 WEST" name="Default suite" finished-at="2022-09-14T14:26:54 WEST" duration-ms="7503">
    <groups>
    </groups>
    <test started-at="2022-09-14T14:26:46 WEST" name="Default test" finished-at="2022-09-14T14:26:54 WEST" duration-ms="7503">
      <class name="Extent.ExtentReports.ExtentReportsDemo">
        <test-method is-config="true" signature="beforeTest()[pri:0, instance:Extent.ExtentReports.ExtentReportsDemo@76f10035]" started-at="2022-09-14T14:26:46 WEST" name="beforeTest" finished-at="2022-09-14T14:26:50 WEST" duration-ms="4182" status="PASS">
          <reporter-output>
          </reporter-output>
        </test-method> <!-- beforeTest -->
        <test-method signature="initialDemo()[pri:0, instance:Extent.ExtentReports.ExtentReportsDemo@76f10035]" started-at="2022-09-14T14:26:50 WEST" name="initialDemo" finished-at="2022-09-14T14:26:53 WEST" duration-ms="2782" status="PASS">
          <reporter-output>
          </reporter-output>
        </test-method> <!-- initialDemo -->
        <test-method is-config="true" signature="afterTest()[pri:0, instance:Extent.ExtentReports.ExtentReportsDemo@76f10035]" started-at="2022-09-14T14:26:53 WEST" name="afterTest" finished-at="2022-09-14T14:26:54 WEST" duration-ms="442" status="PASS">
          <reporter-output>
          </reporter-output>
        </test-method> <!-- afterTest -->
      </class> <!-- Extent.ExtentReports.ExtentReportsDemo -->
    </test> <!-- Default test -->
  </suite> <!-- Default suite -->
</testng-results>
